<?xml version="1.0" encoding="UTF-8"?>
<testng-results ignored="0" total="1" passed="1" failed="0" skipped="0">
  <reporter-output>
  </reporter-output>
  <suite started-at="2024-12-05T14:37:51 EET" name="Default suite" finished-at="2024-12-05T14:37:56 EET" duration-ms="5591">
    <groups>
    </groups>
    <test started-at="2024-12-05T14:37:51 EET" name="Default test" finished-at="2024-12-05T14:37:56 EET" duration-ms="5591">
      <class name="Tests.SubmitOrderTest">
        <test-method signature="openBrowser()[pri:0, instance:Tests.SubmitOrderTest@7a362b6b]" started-at="2024-12-05T14:37:51 EET" name="openBrowser" finished-at="2024-12-05T14:37:56 EET" duration-ms="5485" status="PASS">
          <reporter-output>
          </reporter-output>
        </test-method> <!-- openBrowser -->
      </class> <!-- Tests.SubmitOrderTest -->
    </test> <!-- Default test -->
  </suite> <!-- Default suite -->
</testng-results>
